<?xml version="1.0" encoding="UTF-8"?>
<!-- Generated by org.testng.reporters.JUnitXMLReporter -->
<testsuite hostname="FIRATs-MPro-Retina.local" ignored="0" tests="4" failures="0" timestamp="2021-08-21T23:29:52 EDT" time="4.215" errors="0">
  <testcase name="createPet" time="2.804" classname="ApiTest"/>
  <testcase name="uploadImageToPet" time="0.568" classname="ApiTest"/>
  <testcase name="searchNewPet" time="0.384" classname="ApiTest"/>
  <testcase name="searchSoldPets" time="0.369" classname="ApiTest"/>
</testsuite>
